<?xml version="1.0" encoding="UTF-8"?>
<testsuite xmlns:xsi="http://www.w3.org/2001/XMLSchema-instance" xsi:noNamespaceSchemaLocation="https://maven.apache.org/surefire/maven-surefire-plugin/xsd/surefire-test-report.xsd" version="3.0.2" name="com.gesimon.todolist.TodolistApplicationTests" time="4.357" tests="1" errors="0" skipped="0" failures="0">
  <properties>
[...]
</properties>
  <testcase name="contextLoads" classname="com.gesimon.todolist.TodolistApplicationTests" time="0.356">
    <system-out><![CDATA[11:04:09.111 [main] INFO org.springframework.test.context.support.AnnotationConfigContextLoaderUtils -- Could not detect default configuration classes for test class [com.gesimon.todolist.TodolistApplicationTests]: TodolistApplicationTests does not declare any static, non-private, non-final, nested classes annotated with @Configuration.
11:04:09.214 [main] INFO org.springframework.boot.test.context.SpringBootTestContextBootstrapper -- Found @SpringBootConfiguration com.gesimon.todolist.TodolistApplication for test class com.gesimon.todolist.TodolistApplicationTests

  .   ____          _            __ _ _
 /\\ / ___'_ __ _ _(_)_ __  __ _ \ \ \ \
( ( )\___ | '_ | '_| | '_ \/ _` | \ \ \ \
 \\/  ___)| |_)| | | | | || (_| |  ) ) ) )
  '  |____| .__|_| |_|_| |_\__, | / / / /
 =========|_|==============|___/=/_/_/_/

 :: Spring Boot ::                (v3.4.4)

2025-03-31T11:04:09.590+02:00  INFO 23340 --- [           main] c.g.todolist.TodolistApplicationTests    : Starting TodolistApplicationTests using Java 21.0.6 with PID 23340 (started by User in C:\Users\User\Documents\code\todolist-project\todolist)
2025-03-31T11:04:09.591+02:00  INFO 23340 --- [           main] c.g.todolist.TodolistApplicationTests    : No active profile set, falling back to 1 default profile: "default"
2025-03-31T11:04:10.185+02:00  INFO 23340 --- [           main] .s.d.r.c.RepositoryConfigurationDelegate : Bootstrapping Spring Data JPA repositories in DEFAULT mode.
2025-03-31T11:04:10.236+02:00  INFO 23340 --- [           main] .s.d.r.c.RepositoryConfigurationDelegate : Finished Spring Data repository scanning in 36 ms. Found 1 JPA repository interface.
2025-03-31T11:04:10.471+02:00 DEBUG 23340 --- [           main] o.s.jdbc.datasource.DataSourceUtils      : Fetching JDBC Connection from DataSource
2025-03-31T11:04:10.471+02:00  INFO 23340 --- [           main] com.zaxxer.hikari.HikariDataSource       : HikariPool-1 - Starting...
2025-03-31T11:04:10.633+02:00  INFO 23340 --- [           main] com.zaxxer.hikari.pool.HikariPool        : HikariPool-1 - Added connection conn0: url=jdbc:h2:mem:todo_db user=SA
2025-03-31T11:04:10.635+02:00  INFO 23340 --- [           main] com.zaxxer.hikari.HikariDataSource       : HikariPool-1 - Start completed.
2025-03-31T11:04:10.647+02:00 DEBUG 23340 --- [           main] o.s.jdbc.datasource.DataSourceUtils      : Fetching JDBC Connection from DataSource
2025-03-31T11:04:10.648+02:00 DEBUG 23340 --- [           main] o.s.jdbc.datasource.init.ScriptUtils     : Executing SQL script from file [C:\Users\User\Documents\code\todolist-project\todolist\target\classes\schema.sql]
2025-03-31T11:04:10.662+02:00 DEBUG 23340 --- [           main] o.s.jdbc.datasource.init.ScriptUtils     : 0 returned as update count for SQL: CREATE TABLE IF NOT EXISTS tasks ( ID BIGINT AUTO_INCREMENT PRIMARY KEY, DESCRIPTION VARCHAR(255) NOT NULL, ISCOMPLETED BOOLEAN NOT NULL )
2025-03-31T11:04:10.663+02:00 DEBUG 23340 --- [           main] o.s.jdbc.datasource.init.ScriptUtils     : Executed SQL script from file [C:\Users\User\Documents\code\todolist-project\todolist\target\classes\schema.sql] in 14 ms.
2025-03-31T11:04:10.664+02:00 DEBUG 23340 --- [           main] o.s.jdbc.datasource.DataSourceUtils      : Fetching JDBC Connection from DataSource
2025-03-31T11:04:10.664+02:00 DEBUG 23340 --- [           main] o.s.jdbc.datasource.DataSourceUtils      : Fetching JDBC Connection from DataSource
2025-03-31T11:04:10.664+02:00 DEBUG 23340 --- [           main] o.s.jdbc.datasource.init.ScriptUtils     : Executing SQL script from file [C:\Users\User\Documents\code\todolist-project\todolist\target\classes\data.sql]
2025-03-31T11:04:10.668+02:00 DEBUG 23340 --- [           main] o.s.jdbc.datasource.init.ScriptUtils     : 5 returned as update count for SQL: INSERT INTO TASKS (DESCRIPTION, ISCOMPLETED) VALUES ('Appeler la banque', TRUE), ('Sortir les poubelles', FALSE), ('Terminer la peinture de la chambre', FALSE), ('Préparer le pique-nique', TRUE), ('Envoyer le chèque', FALSE)
2025-03-31T11:04:10.668+02:00 DEBUG 23340 --- [           main] o.s.jdbc.datasource.init.ScriptUtils     : Executed SQL script from file [C:\Users\User\Documents\code\todolist-project\todolist\target\classes\data.sql] in 4 ms.
2025-03-31T11:04:10.746+02:00  INFO 23340 --- [           main] o.hibernate.jpa.internal.util.LogHelper  : HHH000204: Processing PersistenceUnitInfo [name: default]
2025-03-31T11:04:10.798+02:00  INFO 23340 --- [           main] org.hibernate.Version                    : HHH000412: Hibernate ORM core version 6.6.11.Final
2025-03-31T11:04:10.842+02:00  INFO 23340 --- [           main] o.h.c.internal.RegionFactoryInitiator    : HHH000026: Second-level cache disabled
2025-03-31T11:04:11.174+02:00  INFO 23340 --- [           main] o.s.o.j.p.SpringPersistenceUnitInfo      : No LoadTimeWeaver setup: ignoring JPA class transformer
2025-03-31T11:04:11.227+02:00  WARN 23340 --- [           main] org.hibernate.orm.deprecation            : HHH90000025: H2Dialect does not need to be specified explicitly using 'hibernate.dialect' (remove the property setting and it will be selected by default)
2025-03-31T11:04:11.241+02:00  INFO 23340 --- [           main] org.hibernate.orm.connections.pooling    : HHH10001005: Database info:
	Database JDBC URL [Connecting through datasource 'HikariDataSource (HikariPool-1)']
	Database driver: undefined/unknown
	Database version: 2.3.232
	Autocommit mode: undefined/unknown
	Isolation level: undefined/unknown
	Minimum pool size: undefined/unknown
	Maximum pool size: undefined/unknown
2025-03-31T11:04:11.785+02:00  INFO 23340 --- [           main] o.h.e.t.j.p.i.JtaPlatformInitiator       : HHH000489: No JTA platform available (set 'hibernate.transaction.jta.platform' to enable JTA platform integration)
2025-03-31T11:04:11.787+02:00  INFO 23340 --- [           main] j.LocalContainerEntityManagerFactoryBean : Initialized JPA EntityManagerFactory for persistence unit 'default'
2025-03-31T11:04:12.186+02:00  WARN 23340 --- [           main] JpaBaseConfiguration$JpaWebConfiguration : spring.jpa.open-in-view is enabled by default. Therefore, database queries may be performed during view rendering. Explicitly configure spring.jpa.open-in-view to disable this warning
2025-03-31T11:04:12.525+02:00  INFO 23340 --- [           main] o.s.b.a.h2.H2ConsoleAutoConfiguration    : H2 console available at '/h2-console'. Database available at 'jdbc:h2:mem:todo_db'
2025-03-31T11:04:12.595+02:00  INFO 23340 --- [           main] c.g.todolist.TodolistApplicationTests    : Started TodolistApplicationTests in 3.258 seconds (process running for 4.272)
2025-03-31T11:04:12.616+02:00 DEBUG 23340 --- [           main] o.s.jdbc.datasource.DataSourceUtils      : Setting JDBC Connection [HikariProxyConnection@28175501 wrapping conn0: url=jdbc:h2:mem:todo_db user=SA] read-only
Hibernate: select t1_0.id,t1_0.description,t1_0.iscompleted from tasks t1_0
2025-03-31T11:04:12.731+02:00 DEBUG 23340 --- [           main] o.s.jdbc.datasource.DataSourceUtils      : Resetting read-only flag of JDBC Connection [HikariProxyConnection@28175501 wrapping conn0: url=jdbc:h2:mem:todo_db user=SA]
Task{id=1, description='Appeler la banque', completed=✔}
Task{id=2, description='Sortir les poubelles', completed=✘}
Task{id=3, description='Terminer la peinture de la chambre', completed=✘}
Task{id=4, description='Préparer le pique-nique', completed=✔}
Task{id=5, description='Envoyer le chèque', completed=✘}
2025-03-31T11:04:12.733+02:00 DEBUG 23340 --- [           main] o.s.jdbc.datasource.DataSourceUtils      : Setting JDBC Connection [HikariProxyConnection@844789788 wrapping conn0: url=jdbc:h2:mem:todo_db user=SA] read-only
Hibernate: select count(*) from tasks t1_0
2025-03-31T11:04:12.981+02:00 DEBUG 23340 --- [           main] o.s.jdbc.datasource.DataSourceUtils      : Resetting read-only flag of JDBC Connection [HikariProxyConnection@844789788 wrapping conn0: url=jdbc:h2:mem:todo_db user=SA]
🟢 Nombre de tâches en base : 5
]]></system-out>
    <system-err><![CDATA[Mockito is currently self-attaching to enable the inline-mock-maker. This will no longer work in future releases of the JDK. Please add Mockito as an agent to your build what is described in Mockito's documentation: https://javadoc.io/doc/org.mockito/mockito-core/latest/org/mockito/Mockito.html#0.3
WARNING: A Java agent has been loaded dynamically (C:\Users\User\.m2\repository\net\bytebuddy\byte-buddy-agent\1.15.11\byte-buddy-agent-1.15.11.jar)
WARNING: If a serviceability tool is in use, please run with -XX:+EnableDynamicAgentLoading to hide this warning
WARNING: If a serviceability tool is not in use, please run with -Djdk.instrument.traceUsage for more information
WARNING: Dynamic loading of agents will be disallowed by default in a future release
]]></system-err>
  </testcase>
</testsuite>